{"C:\\Users\\Josephus\\Documents\\GitHub\\projecto-fulltech\\src\\components\\LoginTest.tsx": {"path":"C:\\Users\\Josephus\\Documents\\GitHub\\projecto-fulltech\\src\\components\\LoginTest.tsx","all":false,"statementMap":{"0":{"start":{"line":1,"column":0},"end":{"line":1,"column":32}},"1":{"start":{"line":2,"column":0},"end":{"line":2,"column":0}},"2":{"start":{"line":3,"column":0},"end":{"line":3,"column":37}},"3":{"start":{"line":4,"column":0},"end":{"line":4,"column":39}},"4":{"start":{"line":5,"column":0},"end":{"line":5,"column":48}},"5":{"start":{"line":6,"column":0},"end":{"line":6,"column":0}},"6":{"start":{"line":7,"column":0},"end":{"line":7,"column":22}},"7":{"start":{"line":8,"column":0},"end":{"line":8,"column":36}},"8":{"start":{"line":9,"column":0},"end":{"line":9,"column":44}},"9":{"start":{"line":10,"column":0},"end":{"line":10,"column":3}},"10":{"start":{"line":11,"column":0},"end":{"line":11,"column":2}},"11":{"start":{"line":12,"column":0},"end":{"line":12,"column":9}},"12":{"start":{"line":13,"column":0},"end":{"line":13,"column":7}},"13":{"start":{"line":14,"column":0},"end":{"line":14,"column":17}},"14":{"start":{"line":15,"column":0},"end":{"line":15,"column":73}},"15":{"start":{"line":16,"column":0},"end":{"line":16,"column":43}},"16":{"start":{"line":17,"column":0},"end":{"line":17,"column":36}},"17":{"start":{"line":18,"column":0},"end":{"line":18,"column":8}},"18":{"start":{"line":19,"column":0},"end":{"line":19,"column":2}},"19":{"start":{"line":20,"column":0},"end":{"line":20,"column":1}}},"s":{"0":1,"1":1,"2":1,"3":18,"4":18,"5":18,"6":18,"7":1,"8":1,"9":1,"10":1,"11":18,"12":18,"13":18,"14":18,"15":18,"16":18,"17":18,"18":18,"19":18},"branchMap":{"0":{"type":"branch","line":3,"loc":{"start":{"line":3,"column":15},"end":{"line":20,"column":1}},"locations":[{"start":{"line":3,"column":15},"end":{"line":20,"column":1}}]},"1":{"type":"branch","line":7,"loc":{"start":{"line":7,"column":15},"end":{"line":11,"column":2}},"locations":[{"start":{"line":7,"column":15},"end":{"line":11,"column":2}}]},"2":{"type":"branch","line":9,"loc":{"start":{"line":9,"column":14},"end":{"line":9,"column":39}},"locations":[{"start":{"line":9,"column":14},"end":{"line":9,"column":39}}]},"3":{"type":"branch","line":15,"loc":{"start":{"line":15,"column":40},"end":{"line":15,"column":73}},"locations":[{"start":{"line":15,"column":40},"end":{"line":15,"column":73}}]}},"b":{"0":[18],"1":[1],"2":[1],"3":[15]},"fnMap":{"0":{"name":"LoginTest","decl":{"start":{"line":3,"column":15},"end":{"line":20,"column":1}},"loc":{"start":{"line":3,"column":15},"end":{"line":20,"column":1}},"line":3},"1":{"name":"logar","decl":{"start":{"line":7,"column":15},"end":{"line":11,"column":2}},"loc":{"start":{"line":7,"column":15},"end":{"line":11,"column":2}},"line":7},"2":{"name":"onChange","decl":{"start":{"line":15,"column":40},"end":{"line":15,"column":73}},"loc":{"start":{"line":15,"column":40},"end":{"line":15,"column":73}},"line":15}},"f":{"0":18,"1":1,"2":15}}
}
